RUN	com.gatling.tests.SearchAndEditComputer	searchandeditcomputer	1652257135455	Added Testers	3.6.1
USER	Users	START	1652257138079
USER	Admins	START	1652257138079
USER	testers	START	1652257138081
REQUEST		Home	1652257138102	1652257139051	OK	 
REQUEST		Home	1652257138102	1652257139052	OK	 
REQUEST		Home	1652257138102	1652257139051	OK	 
USER	Users	START	1652257139065
USER	testers	START	1652257139065
REQUEST		Home	1652257139066	1652257139939	OK	 
USER	testers	START	1652257140076
USER	Admins	START	1652257140076
USER	Users	START	1652257140076
REQUEST		Home	1652257139066	1652257140307	OK	 
USER	Users	START	1652257141061
USER	testers	START	1652257141061
USER	Users	START	1652257142063
USER	testers	START	1652257142063
USER	Admins	START	1652257143066
USER	testers	START	1652257143066
USER	Users	START	1652257143066
REQUEST		Search	1652257143130	1652257143359	OK	 
REQUEST		Search	1652257143130	1652257143359	OK	 
REQUEST		Search	1652257143130	1652257143360	OK	 
REQUEST		Home	1652257142063	1652257143942	OK	 
REQUEST		Home	1652257143067	1652257143944	OK	 
REQUEST		Home	1652257142063	1652257143953	OK	 
REQUEST		Home	1652257143067	1652257143967	OK	 
REQUEST		Home	1652257143067	1652257144013	OK	 
USER	Users	START	1652257144069
USER	testers	START	1652257144069
REQUEST		Search	1652257143953	1652257144173	OK	 
REQUEST		Search	1652257144317	1652257144545	OK	 
REQUEST		Select	1652257144370	1652257144618	OK	 
REQUEST		Select	1652257144370	1652257144619	OK	 
REQUEST		Select	1652257144370	1652257144618	OK	 
REQUEST		Home	1652257144069	1652257144982	OK	 
REQUEST		Home	1652257144069	1652257144985	OK	 
REQUEST		Home	1652257141061	1652257144997	OK	 
USER	testers	START	1652257145074
USER	Admins	START	1652257145074
USER	Users	START	1652257145074
REQUEST		Home	1652257140077	1652257145279	OK	 
REQUEST		Select	1652257145190	1652257145413	OK	 
REQUEST		Home	1652257140077	1652257145545	OK	 
REQUEST		Home	1652257140077	1652257145545	OK	 
REQUEST		Select	1652257145559	1652257145792	OK	 
REQUEST		Home	1652257145075	1652257145953	OK	 
REQUEST		Home	1652257145075	1652257145981	OK	 
REQUEST		Home	1652257145075	1652257145981	OK	 
USER	Users	START	1652257146059
USER	testers	START	1652257146075
REQUEST		Home	1652257146075	1652257146942	OK	 
REQUEST		Home	1652257146059	1652257146969	OK	 
USER	Users	START	1652257147061
USER	testers	START	1652257147061
REQUEST		Home	1652257147062	1652257148000	OK	 
REQUEST		Home	1652257147061	1652257148002	OK	 
REQUEST		Home	1652257141061	1652257148002	OK	 
USER	testers	START	1652257148064
REQUEST		Search	1652257147944	1652257148162	OK	 
REQUEST		Search	1652257147965	1652257148191	OK	 
REQUEST		Search	1652257147965	1652257148193	OK	 
REQUEST		Search	1652257147980	1652257148212	OK	 
REQUEST		Search	1652257148029	1652257148267	OK	 
REQUEST		Home	1652257148065	1652257148956	OK	 
USER	testers	START	1652257149068
REQUEST		Search	1652257148999	1652257149229	OK	 
REQUEST		Search	1652257148999	1652257149228	OK	 
REQUEST		Search	1652257148999	1652257149228	OK	 
REQUEST		Select	1652257149169	1652257149389	OK	 
REQUEST		Select	1652257149200	1652257149434	OK	 
REQUEST		Select	1652257149200	1652257149434	OK	 
REQUEST		Select	1652257149215	1652257149444	OK	 
REQUEST		Select	1652257149269	1652257149502	OK	 
REQUEST		Search	1652257149287	1652257149509	OK	 
USER	Users	END	1652257149638
REQUEST		Search	1652257149549	1652257149780	OK	 
REQUEST		Search	1652257149549	1652257149789	OK	 
REQUEST		Edit	1652257149638	1652257149865	OK	 
REQUEST		Edit	1652257149638	1652257149865	OK	 
REQUEST		Home	1652257149069	1652257149993	OK	 
USER	testers	START	1652257150071
REQUEST		Edit Redirect 1	1652257149874	1652257150110	OK	 
REQUEST		Edit Redirect 1	1652257149874	1652257150110	OK	 
REQUEST		Search	1652257149971	1652257150189	OK	 
REQUEST		Search	1652257149986	1652257150216	OK	 
REQUEST		Search	1652257149986	1652257150216	OK	 
USER	Users	END	1652257150419
REQUEST		Select	1652257150233	1652257150457	OK	 
REQUEST		Select	1652257150233	1652257150457	OK	 
REQUEST		Select	1652257150233	1652257150461	OK	 
REQUEST		Select	1652257150521	1652257150739	OK	 
REQUEST		Home	1652257150071	1652257150957	OK	 
REQUEST		Select	1652257150788	1652257151020	OK	 
REQUEST		Select	1652257150804	1652257151034	OK	 
REQUEST		Edit	1652257150804	1652257151039	OK	 
USER	testers	START	1652257151074
REQUEST		Search	1652257150951	1652257151178	OK	 
REQUEST		Search	1652257150974	1652257151233	OK	 
REQUEST		Edit Redirect 1	1652257151040	1652257151269	OK	 
REQUEST		Select	1652257151205	1652257151428	OK	 
REQUEST		Select	1652257151221	1652257151451	OK	 
REQUEST		Select	1652257151221	1652257151459	OK	 
REQUEST		Home	1652257151075	1652257152022	OK	 
USER	testers	START	1652257152076
REQUEST		Search	1652257152007	1652257152237	OK	 
REQUEST		Search	1652257152007	1652257152237	OK	 
REQUEST		Search	1652257152007	1652257152237	OK	 
REQUEST		Select	1652257152192	1652257152414	OK	 
REQUEST		Select	1652257152239	1652257152468	OK	 
REQUEST		Home	1652257152077	1652257153004	OK	 
USER	testers	START	1652257153064
REQUEST		Search	1652257152979	1652257153204	OK	 
REQUEST		Select	1652257153243	1652257153468	OK	 
REQUEST		Select	1652257153243	1652257153476	OK	 
REQUEST		Select	1652257153243	1652257153484	OK	 
REQUEST		Home	1652257153065	1652257153946	OK	 
USER	testers	START	1652257154061
REQUEST		Search	1652257153998	1652257154257	OK	 
USER	Users	END	1652257154400
REQUEST		Select	1652257154215	1652257154438	OK	 
USER	Users	END	1652257154448
REQUEST		Edit	1652257154448	1652257154676	OK	 
REQUEST		Edit	1652257154517	1652257154747	OK	 
REQUEST		Edit Redirect 1	1652257154677	1652257154898	OK	 
REQUEST		Home	1652257154061	1652257154952	OK	 
REQUEST		Edit Redirect 1	1652257154747	1652257154978	OK	 
USER	testers	START	1652257155065
USER	Admins	END	1652257155118
USER	testers	END	1652257155118
REQUEST		Search	1652257154963	1652257155192	OK	 
REQUEST		Edit	1652257154448	1652257155192	OK	 
REQUEST		Edit Redirect 1	1652257155193	1652257155410	OK	 
USER	Users	END	1652257155465
USER	Users	END	1652257155465
REQUEST		Select	1652257155264	1652257155499	OK	 
REQUEST		Edit	1652257155464	1652257155683	OK	 
REQUEST		Edit Redirect 1	1652257155684	1652257155901	OK	 
REQUEST		Edit	1652257155752	1652257155970	OK	 
REQUEST		Home	1652257155065	1652257155992	OK	 
USER	Users	END	1652257156052
USER	testers	START	1652257156067
REQUEST		Edit Redirect 1	1652257155971	1652257156190	OK	 
REQUEST		Search	1652257156036	1652257156266	OK	 
REQUEST		Edit	1652257156036	1652257156266	OK	 
USER	testers	END	1652257156290
REQUEST		Select	1652257156207	1652257156433	OK	 
USER	Users	END	1652257156470
REQUEST		Edit Redirect 1	1652257156267	1652257156500	OK	 
REQUEST		Edit	1652257156438	1652257156670	OK	 
REQUEST		Edit	1652257156454	1652257156706	OK	 
REQUEST		Edit Redirect 1	1652257156671	1652257156899	OK	 
REQUEST		Edit Redirect 1	1652257156707	1652257156953	OK	 
REQUEST		Home	1652257156068	1652257156985	OK	 
USER	testers	START	1652257157070
REQUEST		Search	1652257157007	1652257157242	OK	 
USER	Users	END	1652257157494
REQUEST		Select	1652257157270	1652257157510	OK	 
REQUEST		Edit	1652257157424	1652257157650	OK	 
REQUEST		Edit Redirect 1	1652257157651	1652257157877	OK	 
REQUEST		Home	1652257157070	1652257158023	OK	 
REQUEST		Search	1652257157957	1652257158184	OK	 
USER	Users	END	1652257158474
REQUEST		Select	1652257158258	1652257158483	OK	 
REQUEST		Edit	1652257158496	1652257158720	OK	 
REQUEST		Edit	1652257158496	1652257158723	OK	 
REQUEST		Edit Redirect 1	1652257158720	1652257158946	OK	 
REQUEST		Edit Redirect 1	1652257158724	1652257158946	OK	 
REQUEST		Search	1652257158959	1652257159187	OK	 
REQUEST		Select	1652257159198	1652257159429	OK	 
REQUEST		Edit	1652257159447	1652257159699	OK	 
USER	testers	END	1652257159902
REQUEST		Edit Redirect 1	1652257159700	1652257159925	OK	 
USER	Admins	END	1652257159987
REQUEST		Search	1652257160002	1652257160233	OK	 
USER	testers	END	1652257160419
REQUEST		Select	1652257160203	1652257160426	OK	 
REQUEST		Edit	1652257160504	1652257160744	OK	 
USER	testers	END	1652257160906
REQUEST		Edit Redirect 1	1652257160745	1652257160976	OK	 
USER	testers	END	1652257161207
REQUEST		Search	1652257160991	1652257161213	OK	 
REQUEST		Select	1652257161238	1652257161463	OK	 
USER	Admins	END	1652257161508
REQUEST		Edit	1652257161439	1652257161658	OK	 
REQUEST		Edit Redirect 1	1652257161659	1652257161883	OK	 
USER	testers	END	1652257161910
USER	Admins	END	1652257161959
REQUEST		Search	1652257162024	1652257162258	OK	 
REQUEST		Select	1652257162225	1652257162449	OK	 
REQUEST		Edit	1652257162528	1652257162750	OK	 
USER	testers	END	1652257162880
REQUEST		Edit Redirect 1	1652257162750	1652257162974	OK	 
REQUEST		Select	1652257163260	1652257163498	OK	 
REQUEST		Edit	1652257163497	1652257163720	OK	 
REQUEST		Edit Redirect 1	1652257163720	1652257163947	OK	 
USER	testers	END	1652257163961
USER	testers	END	1652257163961
REQUEST		Edit	1652257164439	1652257164659	OK	 
REQUEST		Edit Redirect 1	1652257164660	1652257164887	OK	 
USER	testers	END	1652257164941
REQUEST		Edit	1652257165441	1652257165659	OK	 
REQUEST		Edit Redirect 1	1652257165659	1652257165882	OK	 
USER	testers	END	1652257165997
REQUEST		Edit	1652257166476	1652257166697	OK	 
USER	testers	END	1652257166899
REQUEST		Edit Redirect 1	1652257166698	1652257166935	OK	 
REQUEST		Edit	1652257167451	1652257167707	OK	 
REQUEST		Edit Redirect 1	1652257167708	1652257167943	OK	 
USER	testers	END	1652257167980
REQUEST		Edit	1652257168504	1652257168731	OK	 
USER	testers	END	1652257168955
REQUEST		Edit Redirect 1	1652257168732	1652257168971	OK	 
USER	testers	END	1652257169909
USER	testers	END	1652257170896
USER	testers	END	1652257171937
USER	testers	END	1652257172947
USER	testers	END	1652257173987
