RUN	com.gatling.tests.api.PostPutDeleteAPIDemo	postputdeleteapidemo	1653543434928	Demo 7	3.6.1
USER	Create USer	START	1653543439462
USER	Update User	START	1653543440457
USER	Update User	START	1653543438956
USER	Update User	START	1653543438472
USER	Create USer	START	1653543438472
USER	Update User	START	1653543439957
USER	Create USer	START	1653543440460
USER	Update User	START	1653543439457
USER	Create USer	START	1653543441455
REQUEST		update user	1653543438497	1653543441944	OK	 
REQUEST		update user	1653543438956	1653543441944	OK	 
REQUEST		update user	1653543439957	1653543441944	OK	 
REQUEST		update user	1653543440458	1653543441944	OK	 
REQUEST		create user req	1653543440461	1653543441944	OK	 
REQUEST		update user	1653543439457	1653543441944	OK	 
REQUEST		create user req	1653543438497	1653543442009	OK	 
REQUEST		create user req	1653543439462	1653543442011	OK	 
REQUEST		create user req	1653543441455	1653543442180	OK	 
USER	Create USer	START	1653543442457
USER	Create USer	END	1653543443015
USER	Update User	END	1653543443015
USER	Create USer	END	1653543443015
USER	Update User	END	1653543443015
USER	Update User	END	1653543443015
USER	Update User	END	1653543443015
USER	Create USer	END	1653543443015
USER	Update User	END	1653543443015
REQUEST		create user req	1653543442458	1653543443163	OK	 
USER	Create USer	END	1653543443182
USER	Create USer	END	1653543444167
