RUN	com.gatling.tests.SearchAndEditComputer	searchandeditcomputer	1652256712122	Search and Edit with rampup User roles	3.6.1
USER	Users	START	1652256714507
USER	Admins	START	1652256714507
USER	Users	START	1652256715498
REQUEST		Home	1652256714530	1652256715716	OK	 
REQUEST		Home	1652256714530	1652256715739	OK	 
USER	Admins	START	1652256716493
USER	Users	START	1652256716498
REQUEST		Home	1652256715499	1652256716558	OK	 
REQUEST		Home	1652256716494	1652256717403	OK	 
REQUEST		Home	1652256716499	1652256717414	OK	 
USER	Users	START	1652256717492
REQUEST		Home	1652256717492	1652256718382	OK	 
USER	Users	START	1652256718493
REQUEST		Home	1652256718494	1652256719398	OK	 
USER	Users	START	1652256719493
USER	Admins	START	1652256719493
USER	Users	START	1652256720493
USER	Users	START	1652256721493
USER	Admins	START	1652256721493
REQUEST		Search	1652256721407	1652256722048	OK	 
REQUEST		Search	1652256721416	1652256722075	OK	 
USER	Users	START	1652256722493
REQUEST		Search	1652256722386	1652256722606	OK	 
REQUEST		Home	1652256719493	1652256722907	OK	 
REQUEST		Search	1652256720561	1652256722907	OK	 
REQUEST		Home	1652256719493	1652256722965	OK	 
REQUEST		Select	1652256723051	1652256723287	OK	 
REQUEST		Select	1652256723078	1652256723309	OK	 
REQUEST		Home	1652256722493	1652256723371	OK	 
REQUEST		Home	1652256721494	1652256723389	OK	 
REQUEST		Home	1652256721494	1652256723406	OK	 
USER	Users	START	1652256723492
REQUEST		Search	1652256723400	1652256723631	OK	 
REQUEST		Search	1652256719801	1652256723661	OK	 
REQUEST		Select	1652256723608	1652256723828	OK	 
REQUEST		Search	1652256719801	1652256724085	OK	 
REQUEST		Select	1652256723910	1652256724143	OK	 
REQUEST		Home	1652256720494	1652256724489	OK	 
REQUEST		Select	1652256724634	1652256724859	OK	 
REQUEST		Select	1652256724664	1652256724891	OK	 
REQUEST		Select	1652256725087	1652256725326	OK	 
REQUEST		Home	1652256723493	1652256725382	OK	 
REQUEST		Search	1652256726910	1652256727137	OK	 
REQUEST		Search	1652256726968	1652256727202	OK	 
REQUEST		Search	1652256727373	1652256727598	OK	 
REQUEST		Search	1652256727391	1652256727615	OK	 
REQUEST		Search	1652256727408	1652256727633	OK	 
USER	Users	END	1652256728316
REQUEST		Select	1652256728141	1652256728362	OK	 
REQUEST		Select	1652256728205	1652256728434	OK	 
REQUEST		Edit	1652256728297	1652256728525	OK	 
REQUEST		Search	1652256728491	1652256728715	OK	 
REQUEST		Edit Redirect 1	1652256728534	1652256728760	OK	 
REQUEST		Select	1652256728600	1652256728819	OK	 
USER	Users	END	1652256728832
REQUEST		Select	1652256728617	1652256728838	OK	 
REQUEST		Select	1652256728635	1652256728859	OK	 
USER	Users	END	1652256729146
REQUEST		Search	1652256729385	1652256729605	OK	 
USER	Users	END	1652256729861
REQUEST		Select	1652256729718	1652256729943	OK	 
REQUEST		Edit	1652256729894	1652256730121	OK	 
USER	Users	END	1652256730329
REQUEST		Edit Redirect 1	1652256730121	1652256730345	OK	 
REQUEST		Select	1652256730609	1652256730831	OK	 
USER	Users	END	1652256733437
REQUEST		Edit	1652256733364	1652256733596	OK	 
USER	Admins	END	1652256733764
USER	Users	END	1652256733822
REQUEST		Edit Redirect 1	1652256733597	1652256733834	OK	 
USER	Users	END	1652256733846
REQUEST		Edit	1652256733860	1652256734083	OK	 
REQUEST		Edit Redirect 1	1652256734084	1652256734310	OK	 
USER	Users	END	1652256734946
USER	Admins	END	1652256735348
USER	Users	END	1652256735833
USER	Admins	END	1652256738837
USER	Admins	END	1652256739312
