RUN	com.gatling.tests.api.PostPutDeleteAPIDemo	postputdeleteapidemo	1653543778636	Demo 8	3.6.1
USER	Update User	START	1653543781115
USER	Delete USer	START	1653543781592
USER	Create USer	START	1653543781115
USER	Create USer	START	1653543782096
USER	Update User	START	1653543782093
USER	Delete USer	START	1653543781119
USER	Delete USer	START	1653543782092
USER	Update User	START	1653543781592
USER	Update User	START	1653543782593
USER	Update User	START	1653543783094
USER	Create USer	START	1653543783098
REQUEST		delete user req	1653543781148	1653543783109	OK	 
REQUEST		delete user req	1653543781594	1653543783109	OK	 
REQUEST		delete user req	1653543782093	1653543783111	OK	 
REQUEST		create user req	1653543781148	1653543783111	OK	 
REQUEST		update user req	1653543781148	1653543783111	OK	 
REQUEST		create user req	1653543782096	1653543783111	OK	 
REQUEST		update user req	1653543782094	1653543783111	OK	 
REQUEST		update user req	1653543781594	1653543783111	OK	 
REQUEST		update user req	1653543782595	1653543783318	OK	 
REQUEST		update user req	1653543783094	1653543783805	OK	 
REQUEST		create user req	1653543783099	1653543783834	OK	 
USER	Create USer	START	1653543784092
USER	Delete USer	END	1653543784136
USER	Delete USer	END	1653543784136
USER	Delete USer	END	1653543784136
USER	Update User	END	1653543784168
USER	Update User	END	1653543784168
USER	Create USer	END	1653543784168
USER	Update User	END	1653543784169
USER	Create USer	END	1653543784169
USER	Update User	END	1653543784321
USER	Update User	END	1653543784807
REQUEST		create user req	1653543784093	1653543784816	OK	 
USER	Create USer	END	1653543784836
USER	Create USer	START	1653543785092
REQUEST		create user req	1653543785093	1653543785803	OK	 
USER	Create USer	END	1653543785818
USER	Create USer	END	1653543786805
